<?xml version="1.0" encoding="UTF-8"?>
<!-- Generated by org.testng.reporters.JUnitReportReporter -->
<testsuite hostname="Dmytros-MBP" failures="0" tests="1" name="com.united.TestRunner" time="6.703" errors="0" timestamp="2021-12-14T10:19:01 EST" skipped="0">
  <testcase classname="com.united.TestRunner" name="runScenario" time="6.703"/>
  <system-out/>
</testsuite> <!-- com.united.TestRunner -->
